Arguments: 
  /opt/homebrew/Cellar/node/17.3.1/bin/node /opt/homebrew/Cellar/yarn/1.22.17_2/libexec/bin/yarn.js add jshint -D

PATH: 
  /Users/macx/.composer/vendor/bin:/opt/homebrew/bin:/opt/homebrew/sbin:/usr/local/bin:/usr/bin:/bin:/usr/sbin:/sbin:/Users/macx/.composer/vendor/bin:/opt/homebrew/bin:/opt/homebrew/sbin

Yarn version: 
  1.22.17

Node version: 
  17.3.1

Platform: 
  darwin arm64

Trace: 
  Error: getaddrinfo ENOTFOUND registry.yarnpkg.com
      at GetAddrInfoReqWrap.onlookup [as oncomplete] (node:dns:72:26)

npm manifest: 
  {
    "name": "hawk-gt1191",
    "version": "1.1.0",
    "main": "public/index.html",
    "repository": "git@github.com:macx/hawk-gt1191.git",
    "author": "David Maciejewski <macx@macx.io>",
    "license": "MIT",
    "scripts": {
      "dev": "open -na 'Google Chrome' --args -incognito http://localhost:3000/ && hugo server -DF -p 3000",
      "clean": "hugo --gc",
      "build": "hugo"
    },
    "devDependencies": {
      "prettier": "2.5.1",
      "prettier-plugin-go-template": "0.0.11"
    }
  }

yarn manifest: 
  No manifest

Lockfile: 
  # THIS IS AN AUTOGENERATED FILE. DO NOT EDIT THIS FILE DIRECTLY.
  # yarn lockfile v1
  
  
  prettier-plugin-go-template@0.0.11:
    version "0.0.11"
    resolved "https://registry.yarnpkg.com/prettier-plugin-go-template/-/prettier-plugin-go-template-0.0.11.tgz#49439095ac0a3a14f34d5024d628265c7a2b954a"
    integrity sha512-qtgoEjvbgmcDp9TOqYNgrPrA41s6S1UMyzMqjcxdxQahTX0webWfbamyA/x3XeBFEEJmgXrRAirzJrIVzImsMg==
    dependencies:
      ulid "^2.3.0"
  
  prettier@2.5.1:
    version "2.5.1"
    resolved "https://registry.yarnpkg.com/prettier/-/prettier-2.5.1.tgz#fff75fa9d519c54cf0fce328c1017d94546bc56a"
    integrity sha512-vBZcPRUR5MZJwoyi3ZoyQlc1rXeEck8KgeC9AwwOn+exuxLxq5toTRDTSaVrXHxelDMHy9zlicw8u66yxoSUFg==
  
  ulid@^2.3.0:
    version "2.3.0"
    resolved "https://registry.yarnpkg.com/ulid/-/ulid-2.3.0.tgz#93063522771a9774121a84d126ecd3eb9804071f"
    integrity sha512-keqHubrlpvT6G2wH0OEfSW4mquYRcbe/J8NMmveoQOjUqmo+hXtO+ORCpWhdbZ7k72UtY61BL7haGxW6enBnjw==
